Start
REQ: 00000000
SUCCESS: READ_ACK 40000002
REQ: 80010000
INVALID: UNKNOWN_DATA_ID 70010000
REQ: 80020000
INVALID: UNKNOWN_DATA_ID 70020000
REQ: 00030000
SUCCESS: READ_ACK 40030904
REQ: 80040000
INVALID: UNKNOWN_DATA_ID 70040000
REQ: 00050000
SUCCESS: READ_ACK c0050000
REQ: 00060000
SUCCESS: READ_ACK 40060301
REQ: 80070000
INVALID: UNKNOWN_DATA_ID 70070000
REQ: 80080000
INVALID: UNKNOWN_DATA_ID 70080000
REQ: 00090000
INVALID: UNKNOWN_DATA_ID f0090000
REQ: 000a0000
SUCCESS: READ_ACK c00a3900
REQ: 800b0000
SUCCESS: READ_ACK c00b001a
REQ: 000c0000
INVALID: UNKNOWN_DATA_ID f00c0000
REQ: 800d0000
INVALID: UNKNOWN_DATA_ID 700d0000
REQ: 800e0000
INVALID: UNKNOWN_DATA_ID 700e0000
REQ: 000f0000
INVALID: UNKNOWN_DATA_ID f00f0000
REQ: 80100000
INVALID: UNKNOWN_DATA_ID 70100000
REQ: 00110000
INVALID: DATA_INVALID 60110000
REQ: 00120000
INVALID: UNKNOWN_DATA_ID f0120000
REQ: 80130000
INVALID: UNKNOWN_DATA_ID 70130000
REQ: 00140000
INVALID: UNKNOWN_DATA_ID f0140000
REQ: 80150000
INVALID: UNKNOWN_DATA_ID 70150000
REQ: 80160000
INVALID: UNKNOWN_DATA_ID 70160000
REQ: 00170000
INVALID: UNKNOWN_DATA_ID f0170000
REQ: 00180000
INVALID: UNKNOWN_DATA_ID f0180000
REQ: 80190000
SUCCESS: READ_ACK c0193080
REQ: 801a0000
SUCCESS: READ_ACK c01a3200
REQ: 001b0000
INVALID: DATA_INVALID 601b0000
REQ: 801c0000
INVALID: DATA_INVALID e01c0000
REQ: 001d0000
INVALID: UNKNOWN_DATA_ID f01d0000
REQ: 001e0000
INVALID: UNKNOWN_DATA_ID f01e0000
REQ: 801f0000
INVALID: UNKNOWN_DATA_ID 701f0000
REQ: 80200000
INVALID: UNKNOWN_DATA_ID 70200000
REQ: 00210000
INVALID: UNKNOWN_DATA_ID f0210000
REQ: 00220000
INVALID: UNKNOWN_DATA_ID f0220000
REQ: 80230000
INVALID: UNKNOWN_DATA_ID 70230000
REQ: 00240000
INVALID: UNKNOWN_DATA_ID f0240000
REQ: 80250000
INVALID: UNKNOWN_DATA_ID 70250000
REQ: 80260000
INVALID: UNKNOWN_DATA_ID 70260000
REQ: 00270000
INVALID: UNKNOWN_DATA_ID f0270000
REQ: 00280000
INVALID: UNKNOWN_DATA_ID f0280000
REQ: 80290000
INVALID: UNKNOWN_DATA_ID 70290000
REQ: 802a0000
INVALID: UNKNOWN_DATA_ID 702a0000
REQ: 002b0000
INVALID: UNKNOWN_DATA_ID f02b0000
REQ: 802c0000
INVALID: UNKNOWN_DATA_ID 702c0000
REQ: 002d0000
INVALID: UNKNOWN_DATA_ID f02d0000
REQ: 002e0000
INVALID: UNKNOWN_DATA_ID f02e0000
REQ: 802f0000
INVALID: UNKNOWN_DATA_ID 702f0000
REQ: 00300000
SUCCESS: READ_ACK c0303c05
REQ: 80310000
SUCCESS: READ_ACK 4031551e
REQ: 80320000
INVALID: UNKNOWN_DATA_ID 70320000
REQ: 00330000
INVALID: UNKNOWN_DATA_ID f0330000
REQ: 80340000
INVALID: UNKNOWN_DATA_ID 70340000
REQ: 00350000
INVALID: UNKNOWN_DATA_ID f0350000
REQ: 00360000
INVALID: UNKNOWN_DATA_ID f0360000
REQ: 80370000
INVALID: UNKNOWN_DATA_ID 70370000
REQ: 80380000
SUCCESS: READ_ACK 40380000
REQ: 00390000
SUCCESS: READ_ACK c0395500
REQ: 003a0000
INVALID: UNKNOWN_DATA_ID f03a0000
REQ: 803b0000
INVALID: UNKNOWN_DATA_ID 703b0000
REQ: 003c0000
INVALID: UNKNOWN_DATA_ID f03c0000
REQ: 803d0000
INVALID: UNKNOWN_DATA_ID 703d0000
REQ: 803e0000
INVALID: UNKNOWN_DATA_ID 703e0000
REQ: 003f0000
INVALID: UNKNOWN_DATA_ID f03f0000
REQ: 80400000
INVALID: UNKNOWN_DATA_ID 70400000
REQ: 00410000
INVALID: UNKNOWN_DATA_ID f0410000
REQ: 00420000
INVALID: UNKNOWN_DATA_ID f0420000
REQ: 80430000
INVALID: UNKNOWN_DATA_ID 70430000
REQ: 00440000
INVALID: UNKNOWN_DATA_ID f0440000
REQ: 80450000
INVALID: UNKNOWN_DATA_ID 70450000
REQ: 80460000
INVALID: UNKNOWN_DATA_ID 70460000
REQ: 00470000
INVALID: UNKNOWN_DATA_ID f0470000
REQ: 00480000
INVALID: UNKNOWN_DATA_ID f0480000
REQ: 80490000
INVALID: UNKNOWN_DATA_ID 70490000
REQ: 804a0000
INVALID: UNKNOWN_DATA_ID 704a0000
REQ: 004b0000
INVALID: UNKNOWN_DATA_ID f04b0000
REQ: 804c0000
INVALID: UNKNOWN_DATA_ID 704c0000
REQ: 004d0000
INVALID: UNKNOWN_DATA_ID f04d0000
REQ: 004e0000
INVALID: UNKNOWN_DATA_ID f04e0000
REQ: 804f0000
INVALID: UNKNOWN_DATA_ID 704f0000
REQ: 00500000
INVALID: UNKNOWN_DATA_ID f0500000
REQ: 80510000
INVALID: UNKNOWN_DATA_ID 70510000
REQ: 80520000
INVALID: UNKNOWN_DATA_ID 70520000
REQ: 00530000
INVALID: UNKNOWN_DATA_ID f0530000
REQ: 80540000
INVALID: UNKNOWN_DATA_ID 70540000
REQ: 00550000
INVALID: UNKNOWN_DATA_ID f0550000
REQ: 00560000
INVALID: UNKNOWN_DATA_ID f0560000
REQ: 80570000
INVALID: UNKNOWN_DATA_ID 70570000
REQ: 80580000
INVALID: UNKNOWN_DATA_ID 70580000
REQ: 00590000
INVALID: UNKNOWN_DATA_ID f0590000
REQ: 005a0000
INVALID: UNKNOWN_DATA_ID f05a0000
REQ: 805b0000
INVALID: UNKNOWN_DATA_ID 705b0000
REQ: 005c0000
INVALID: UNKNOWN_DATA_ID f05c0000
REQ: 805d0000
INVALID: UNKNOWN_DATA_ID 705d0000
REQ: 805e0000
INVALID: UNKNOWN_DATA_ID 705e0000
REQ: 005f0000
INVALID: UNKNOWN_DATA_ID f05f0000
REQ: 00600000
INVALID: UNKNOWN_DATA_ID f0600000
REQ: 80610000
INVALID: UNKNOWN_DATA_ID 70610000
REQ: 80620000
INVALID: UNKNOWN_DATA_ID 70620000
REQ: 00630000
INVALID: UNKNOWN_DATA_ID f0630000
REQ: 80640000
INVALID: UNKNOWN_DATA_ID 70640000
REQ: 00650000
INVALID: UNKNOWN_DATA_ID f0650000
REQ: 00660000
INVALID: UNKNOWN_DATA_ID f0660000
REQ: 80670000
INVALID: UNKNOWN_DATA_ID 70670000
REQ: 80680000
INVALID: UNKNOWN_DATA_ID 70680000
REQ: 00690000
INVALID: UNKNOWN_DATA_ID f0690000
REQ: 006a0000
INVALID: UNKNOWN_DATA_ID f06a0000
REQ: 806b0000
INVALID: UNKNOWN_DATA_ID 706b0000
REQ: 006c0000
INVALID: UNKNOWN_DATA_ID f06c0000
REQ: 806d0000
INVALID: UNKNOWN_DATA_ID 706d0000
REQ: 806e0000
INVALID: UNKNOWN_DATA_ID 706e0000
REQ: 006f0000
INVALID: UNKNOWN_DATA_ID f06f0000
REQ: 80700000
INVALID: UNKNOWN_DATA_ID 70700000
REQ: 00710000
INVALID: UNKNOWN_DATA_ID f0710000
REQ: 00720000
INVALID: UNKNOWN_DATA_ID f0720000
REQ: 80730000
INVALID: UNKNOWN_DATA_ID 70730000
REQ: 00740000
INVALID: UNKNOWN_DATA_ID f0740000
REQ: 80750000
INVALID: UNKNOWN_DATA_ID 70750000
REQ: 80760000
INVALID: UNKNOWN_DATA_ID 70760000
REQ: 00770000
INVALID: UNKNOWN_DATA_ID f0770000
REQ: 00780000
INVALID: UNKNOWN_DATA_ID f0780000
REQ: 80790000
INVALID: UNKNOWN_DATA_ID 70790000
REQ: 807a0000
INVALID: UNKNOWN_DATA_ID 707a0000
REQ: 007b0000
INVALID: UNKNOWN_DATA_ID f07b0000
REQ: 807c0000
INVALID: UNKNOWN_DATA_ID 707c0000
REQ: 007d0000
INVALID: UNKNOWN_DATA_ID f07d0000
REQ: 007e0000
INVALID: UNKNOWN_DATA_ID f07e0000
REQ: 807f0000
SUCCESS: READ_ACK c07f3301
REQ: 80800000
INVALID: UNKNOWN_DATA_ID 70800000
REQ: 00810000
INVALID: UNKNOWN_DATA_ID f0810000
REQ: 00820000
INVALID: UNKNOWN_DATA_ID f0820000
REQ: 80830000
INVALID: UNKNOWN_DATA_ID 70830000
REQ: 00840000
INVALID: UNKNOWN_DATA_ID f0840000
REQ: 80850000
INVALID: UNKNOWN_DATA_ID 70850000
REQ: 80860000
INVALID: UNKNOWN_DATA_ID 70860000
REQ: 00870000
INVALID: UNKNOWN_DATA_ID f0870000
REQ: 00880000
INVALID: UNKNOWN_DATA_ID f0880000
REQ: 80890000
INVALID: UNKNOWN_DATA_ID 70890000
REQ: 808a0000
INVALID: UNKNOWN_DATA_ID 708a0000
REQ: 008b0000
INVALID: UNKNOWN_DATA_ID f08b0000
REQ: 808c0000
INVALID: UNKNOWN_DATA_ID 708c0000
REQ: 008d0000
INVALID: UNKNOWN_DATA_ID f08d0000
REQ: 008e0000
INVALID: UNKNOWN_DATA_ID f08e0000
REQ: 808f0000
INVALID: UNKNOWN_DATA_ID 708f0000
REQ: 00900000
INVALID: UNKNOWN_DATA_ID f0900000
REQ: 80910000
INVALID: UNKNOWN_DATA_ID 70910000
REQ: 80920000
INVALID: UNKNOWN_DATA_ID 70920000
REQ: 00930000
INVALID: UNKNOWN_DATA_ID f0930000
REQ: 80940000
INVALID: UNKNOWN_DATA_ID 70940000
REQ: 00950000
INVALID: UNKNOWN_DATA_ID f0950000
REQ: 00960000
INVALID: UNKNOWN_DATA_ID f0960000
REQ: 80970000
INVALID: UNKNOWN_DATA_ID 70970000
REQ: 80980000
INVALID: UNKNOWN_DATA_ID 70980000
REQ: 00990000
INVALID: UNKNOWN_DATA_ID f0990000
REQ: 009a0000
INVALID: UNKNOWN_DATA_ID f09a0000
REQ: 809b0000
INVALID: UNKNOWN_DATA_ID 709b0000
REQ: 009c0000
INVALID: UNKNOWN_DATA_ID f09c0000
REQ: 809d0000
INVALID: UNKNOWN_DATA_ID 709d0000
REQ: 809e0000
INVALID: UNKNOWN_DATA_ID 709e0000
REQ: 009f0000
INVALID: UNKNOWN_DATA_ID f09f0000
REQ: 00a00000
INVALID: UNKNOWN_DATA_ID f0a00000
REQ: 80a10000
INVALID: UNKNOWN_DATA_ID 70a10000
REQ: 80a20000
INVALID: UNKNOWN_DATA_ID 70a20000
REQ: 00a30000
INVALID: UNKNOWN_DATA_ID f0a30000
REQ: 80a40000
INVALID: UNKNOWN_DATA_ID 70a40000
REQ: 00a50000
INVALID: UNKNOWN_DATA_ID f0a50000
REQ: 00a60000
INVALID: UNKNOWN_DATA_ID f0a60000
REQ: 80a70000
INVALID: UNKNOWN_DATA_ID 70a70000
REQ: 80a80000
INVALID: UNKNOWN_DATA_ID 70a80000
REQ: 00a90000
INVALID: UNKNOWN_DATA_ID f0a90000
REQ: 00aa0000
INVALID: UNKNOWN_DATA_ID f0aa0000
REQ: 80ab0000
INVALID: UNKNOWN_DATA_ID 70ab0000
REQ: 00ac0000
INVALID: UNKNOWN_DATA_ID f0ac0000
REQ: 80ad0000
INVALID: UNKNOWN_DATA_ID 70ad0000
REQ: 80ae0000
INVALID: UNKNOWN_DATA_ID 70ae0000
REQ: 00af0000
INVALID: UNKNOWN_DATA_ID f0af0000
REQ: 80b00000
INVALID: UNKNOWN_DATA_ID 70b00000
REQ: 00b10000
INVALID: UNKNOWN_DATA_ID f0b10000
REQ: 00b20000
INVALID: UNKNOWN_DATA_ID f0b20000
REQ: 80b30000
INVALID: UNKNOWN_DATA_ID 70b30000
REQ: 00b40000
INVALID: UNKNOWN_DATA_ID f0b40000
REQ: 80b50000
INVALID: UNKNOWN_DATA_ID 70b50000
REQ: 80b60000
INVALID: UNKNOWN_DATA_ID 70b60000
REQ: 00b70000
INVALID: UNKNOWN_DATA_ID f0b70000
REQ: 00b80000
INVALID: UNKNOWN_DATA_ID f0b80000
REQ: 80b90000
INVALID: UNKNOWN_DATA_ID 70b90000
REQ: 80ba0000
INVALID: UNKNOWN_DATA_ID 70ba0000
REQ: 00bb0000
INVALID: UNKNOWN_DATA_ID f0bb0000
REQ: 80bc0000
INVALID: UNKNOWN_DATA_ID 70bc0000
REQ: 00bd0000
INVALID: UNKNOWN_DATA_ID f0bd0000
REQ: 00be0000
INVALID: UNKNOWN_DATA_ID f0be0000
REQ: 80bf0000
INVALID: UNKNOWN_DATA_ID 70bf0000
REQ: 00c00000
INVALID: UNKNOWN_DATA_ID f0c00000
REQ: 80c10000
INVALID: UNKNOWN_DATA_ID 70c10000
REQ: 80c20000
INVALID: UNKNOWN_DATA_ID 70c20000
REQ: 00c30000
INVALID: UNKNOWN_DATA_ID f0c30000
REQ: 80c40000
INVALID: UNKNOWN_DATA_ID 70c40000
REQ: 00c50000
INVALID: UNKNOWN_DATA_ID f0c50000
REQ: 00c60000
INVALID: UNKNOWN_DATA_ID f0c60000
REQ: 80c70000
INVALID: UNKNOWN_DATA_ID 70c70000
REQ: 80c80000
INVALID: UNKNOWN_DATA_ID 70c80000
REQ: 00c90000
INVALID: UNKNOWN_DATA_ID f0c90000
REQ: 00ca0000
INVALID: UNKNOWN_DATA_ID f0ca0000
REQ: 80cb0000
INVALID: UNKNOWN_DATA_ID 70cb0000
REQ: 00cc0000
INVALID: UNKNOWN_DATA_ID f0cc0000
REQ: 80cd0000
INVALID: UNKNOWN_DATA_ID 70cd0000
REQ: 80ce0000
INVALID: UNKNOWN_DATA_ID 70ce0000
REQ: 00cf0000
INVALID: UNKNOWN_DATA_ID f0cf0000
REQ: 80d00000
INVALID: UNKNOWN_DATA_ID 70d00000
REQ: 00d10000
INVALID: UNKNOWN_DATA_ID f0d10000
REQ: 00d20000
INVALID: UNKNOWN_DATA_ID f0d20000
REQ: 80d30000
INVALID: UNKNOWN_DATA_ID 70d30000
REQ: 00d40000
INVALID: UNKNOWN_DATA_ID f0d40000
REQ: 80d50000
INVALID: UNKNOWN_DATA_ID 70d50000
REQ: 80d60000
INVALID: UNKNOWN_DATA_ID 70d60000
REQ: 00d70000
INVALID: UNKNOWN_DATA_ID f0d70000
REQ: 00d80000
INVALID: UNKNOWN_DATA_ID f0d80000
REQ: 80d90000
INVALID: UNKNOWN_DATA_ID 70d90000
REQ: 80da0000
INVALID: UNKNOWN_DATA_ID 70da0000
REQ: 00db0000
INVALID: UNKNOWN_DATA_ID f0db0000
REQ: 80dc0000
INVALID: UNKNOWN_DATA_ID 70dc0000
REQ: 00dd0000
INVALID: UNKNOWN_DATA_ID f0dd0000
REQ: 00de0000
INVALID: UNKNOWN_DATA_ID f0de0000
REQ: 80df0000
INVALID: UNKNOWN_DATA_ID 70df0000
REQ: 80e00000
INVALID: UNKNOWN_DATA_ID 70e00000
REQ: 00e10000
INVALID: UNKNOWN_DATA_ID f0e10000
REQ: 00e20000
INVALID: UNKNOWN_DATA_ID f0e20000
REQ: 80e30000
INVALID: UNKNOWN_DATA_ID 70e30000
REQ: 00e40000
INVALID: UNKNOWN_DATA_ID f0e40000
REQ: 80e50000
INVALID: UNKNOWN_DATA_ID 70e50000
REQ: 80e60000
INVALID: UNKNOWN_DATA_ID 70e60000
REQ: 00e70000
INVALID: UNKNOWN_DATA_ID f0e70000
REQ: 00e80000
INVALID: UNKNOWN_DATA_ID f0e80000
REQ: 80e90000
INVALID: UNKNOWN_DATA_ID 70e90000
REQ: 80ea0000
INVALID: UNKNOWN_DATA_ID 70ea0000
REQ: 00eb0000
INVALID: UNKNOWN_DATA_ID f0eb0000
REQ: 80ec0000
INVALID: UNKNOWN_DATA_ID 70ec0000
REQ: 00ed0000
INVALID: UNKNOWN_DATA_ID f0ed0000
REQ: 00ee0000
INVALID: UNKNOWN_DATA_ID f0ee0000
REQ: 80ef0000
INVALID: UNKNOWN_DATA_ID 70ef0000
REQ: 00f00000
INVALID: UNKNOWN_DATA_ID f0f00000
REQ: 80f10000
INVALID: UNKNOWN_DATA_ID 70f10000
REQ: 80f20000
INVALID: UNKNOWN_DATA_ID 70f20000
REQ: 00f30000
INVALID: UNKNOWN_DATA_ID f0f30000
REQ: 80f40000
INVALID: UNKNOWN_DATA_ID 70f40000
REQ: 00f50000
INVALID: UNKNOWN_DATA_ID f0f50000
REQ: 00f60000
INVALID: UNKNOWN_DATA_ID f0f60000
REQ: 80f70000
INVALID: UNKNOWN_DATA_ID 70f70000
REQ: 80f80000
INVALID: UNKNOWN_DATA_ID 70f80000
REQ: 00f90000
INVALID: UNKNOWN_DATA_ID f0f90000
REQ: 00fa0000
INVALID: UNKNOWN_DATA_ID f0fa0000
REQ: 80fb0000
INVALID: UNKNOWN_DATA_ID 70fb0000
REQ: 00fc0000
INVALID: UNKNOWN_DATA_ID f0fc0000
REQ: 80fd0000
INVALID: UNKNOWN_DATA_ID 70fd0000
REQ: 80fe0000
INVALID: UNKNOWN_DATA_ID 70fe0000
REQ: 00ff0000
INVALID: UNKNOWN_DATA_ID f0ff0000
